<?xml version="1.0" encoding="UTF-8"?>
<testng-results ignored="0" total="1" passed="1" failed="0" skipped="0">
  <reporter-output>
  </reporter-output>
  <suite started-at="2023-02-20T18:18:29 IST" name="Default suite" finished-at="2023-02-20T18:19:29 IST" duration-ms="59872">
    <groups>
    </groups>
    <test started-at="2023-02-20T18:18:29 IST" name="Default test" finished-at="2023-02-20T18:19:29 IST" duration-ms="59872">
      <class name="ui.Test_NGdemo">
        <test-method signature="verifyPageTitle()[pri:0, instance:ui.Test_NGdemo@52b1beb6]" started-at="2023-02-20T18:18:29 IST" name="verifyPageTitle" finished-at="2023-02-20T18:19:29 IST" duration-ms="59740" status="PASS">
          <reporter-output>
          </reporter-output>
        </test-method> <!-- verifyPageTitle -->
      </class> <!-- ui.Test_NGdemo -->
    </test> <!-- Default test -->
  </suite> <!-- Default suite -->
</testng-results>
